{"/home/camilo/Documents/BootcampRespondeAi/projeto_17_api_sing_me_a_song_back_end/src/dbConfig.js": {"path":"/home/camilo/Documents/BootcampRespondeAi/projeto_17_api_sing_me_a_song_back_end/src/dbConfig.js","statementMap":{"0":{"start":{"line":3,"column":17},"end":{"line":3,"column":19}},"1":{"start":{"line":5,"column":0},"end":{"line":23,"column":1}},"2":{"start":{"line":6,"column":2},"end":{"line":15,"column":4}},"3":{"start":{"line":17,"column":2},"end":{"line":22,"column":4}},"4":{"start":{"line":24,"column":19},"end":{"line":24,"column":43}}},"fnMap":{},"branchMap":{"0":{"loc":{"start":{"line":5,"column":0},"end":{"line":23,"column":1}},"type":"if","locations":[{"start":{"line":5,"column":0},"end":{"line":23,"column":1}},{"start":{"line":16,"column":7},"end":{"line":23,"column":1}}],"line":5},"1":{"loc":{"start":{"line":5,"column":4},"end":{"line":5,"column":69}},"type":"binary-expr","locations":[{"start":{"line":5,"column":4},"end":{"line":5,"column":35}},{"start":{"line":5,"column":39},"end":{"line":5,"column":69}}],"line":5}},"s":{"0":2,"1":2,"2":2,"3":0,"4":2},"f":{},"b":{"0":[2,0],"1":[2,0]},"_coverageSchema":"1a1c01bbd47fc00a2c39e90264f33305004495a9","hash":"51c6ce029d3a45887eface4bcceb1a0146fe6eab"}
,"/home/camilo/Documents/BootcampRespondeAi/projeto_17_api_sing_me_a_song_back_end/src/repositories/recommendationsRepositories.js": {"path":"/home/camilo/Documents/BootcampRespondeAi/projeto_17_api_sing_me_a_song_back_end/src/repositories/recommendationsRepositories.js","statementMap":{"0":{"start":{"line":3,"column":30},"end":{"line":17,"column":1}},"1":{"start":{"line":4,"column":32},"end":{"line":4,"column":46}},"2":{"start":{"line":5,"column":28},"end":{"line":12,"column":25}},"3":{"start":{"line":13,"column":2},"end":{"line":15,"column":3}},"4":{"start":{"line":14,"column":4},"end":{"line":14,"column":17}},"5":{"start":{"line":16,"column":2},"end":{"line":16,"column":32}},"6":{"start":{"line":19,"column":30},"end":{"line":28,"column":1}},"7":{"start":{"line":20,"column":25},"end":{"line":25,"column":10}},"8":{"start":{"line":26,"column":2},"end":{"line":26,"column":45}},"9":{"start":{"line":26,"column":32},"end":{"line":26,"column":45}},"10":{"start":{"line":27,"column":2},"end":{"line":27,"column":34}},"11":{"start":{"line":30,"column":34},"end":{"line":44,"column":1}},"12":{"start":{"line":31,"column":32},"end":{"line":41,"column":17}},"13":{"start":{"line":42,"column":2},"end":{"line":42,"column":52}},"14":{"start":{"line":42,"column":39},"end":{"line":42,"column":52}},"15":{"start":{"line":43,"column":2},"end":{"line":43,"column":39}},"16":{"start":{"line":46,"column":29},"end":{"line":53,"column":1}},"17":{"start":{"line":47,"column":2},"end":{"line":52,"column":11}},"18":{"start":{"line":55,"column":37},"end":{"line":68,"column":1}},"19":{"start":{"line":56,"column":2},"end":{"line":67,"column":3}},"20":{"start":{"line":57,"column":27},"end":{"line":62,"column":18}},"21":{"start":{"line":63,"column":4},"end":{"line":63,"column":44}},"22":{"start":{"line":63,"column":34},"end":{"line":63,"column":44}},"23":{"start":{"line":64,"column":4},"end":{"line":64,"column":33}},"24":{"start":{"line":66,"column":4},"end":{"line":66,"column":14}},"25":{"start":{"line":70,"column":37},"end":{"line":83,"column":1}},"26":{"start":{"line":71,"column":2},"end":{"line":82,"column":3}},"27":{"start":{"line":72,"column":27},"end":{"line":77,"column":18}},"28":{"start":{"line":78,"column":4},"end":{"line":78,"column":44}},"29":{"start":{"line":78,"column":34},"end":{"line":78,"column":44}},"30":{"start":{"line":79,"column":4},"end":{"line":79,"column":33}},"31":{"start":{"line":81,"column":4},"end":{"line":81,"column":14}},"32":{"start":{"line":85,"column":30},"end":{"line":100,"column":1}},"33":{"start":{"line":86,"column":2},"end":{"line":99,"column":3}},"34":{"start":{"line":87,"column":27},"end":{"line":94,"column":13}},"35":{"start":{"line":95,"column":4},"end":{"line":95,"column":44}},"36":{"start":{"line":95,"column":34},"end":{"line":95,"column":44}},"37":{"start":{"line":96,"column":4},"end":{"line":96,"column":33}},"38":{"start":{"line":98,"column":4},"end":{"line":98,"column":14}},"39":{"start":{"line":102,"column":36},"end":{"line":110,"column":1}}},"fnMap":{"0":{"name":"(anonymous_0)","decl":{"start":{"line":3,"column":30},"end":{"line":3,"column":31}},"loc":{"start":{"line":3,"column":56},"end":{"line":17,"column":1}},"line":3},"1":{"name":"(anonymous_1)","decl":{"start":{"line":19,"column":30},"end":{"line":19,"column":31}},"loc":{"start":{"line":19,"column":48},"end":{"line":28,"column":1}},"line":19},"2":{"name":"(anonymous_2)","decl":{"start":{"line":30,"column":34},"end":{"line":30,"column":35}},"loc":{"start":{"line":30,"column":59},"end":{"line":44,"column":1}},"line":30},"3":{"name":"(anonymous_3)","decl":{"start":{"line":46,"column":29},"end":{"line":46,"column":30}},"loc":{"start":{"line":46,"column":47},"end":{"line":53,"column":1}},"line":46},"4":{"name":"(anonymous_4)","decl":{"start":{"line":55,"column":37},"end":{"line":55,"column":38}},"loc":{"start":{"line":55,"column":61},"end":{"line":68,"column":1}},"line":55},"5":{"name":"(anonymous_5)","decl":{"start":{"line":70,"column":37},"end":{"line":70,"column":38}},"loc":{"start":{"line":70,"column":61},"end":{"line":83,"column":1}},"line":70},"6":{"name":"(anonymous_6)","decl":{"start":{"line":85,"column":30},"end":{"line":85,"column":31}},"loc":{"start":{"line":85,"column":49},"end":{"line":100,"column":1}},"line":85}},"branchMap":{"0":{"loc":{"start":{"line":13,"column":2},"end":{"line":15,"column":3}},"type":"if","locations":[{"start":{"line":13,"column":2},"end":{"line":15,"column":3}},{"start":{},"end":{}}],"line":13},"1":{"loc":{"start":{"line":26,"column":2},"end":{"line":26,"column":45}},"type":"if","locations":[{"start":{"line":26,"column":2},"end":{"line":26,"column":45}},{"start":{},"end":{}}],"line":26},"2":{"loc":{"start":{"line":42,"column":2},"end":{"line":42,"column":52}},"type":"if","locations":[{"start":{"line":42,"column":2},"end":{"line":42,"column":52}},{"start":{},"end":{}}],"line":42},"3":{"loc":{"start":{"line":63,"column":4},"end":{"line":63,"column":44}},"type":"if","locations":[{"start":{"line":63,"column":4},"end":{"line":63,"column":44}},{"start":{},"end":{}}],"line":63},"4":{"loc":{"start":{"line":78,"column":4},"end":{"line":78,"column":44}},"type":"if","locations":[{"start":{"line":78,"column":4},"end":{"line":78,"column":44}},{"start":{},"end":{}}],"line":78},"5":{"loc":{"start":{"line":95,"column":4},"end":{"line":95,"column":44}},"type":"if","locations":[{"start":{"line":95,"column":4},"end":{"line":95,"column":44}},{"start":{},"end":{}}],"line":95}},"s":{"0":2,"1":0,"2":0,"3":0,"4":0,"5":0,"6":2,"7":0,"8":0,"9":0,"10":0,"11":2,"12":0,"13":0,"14":0,"15":0,"16":2,"17":0,"18":2,"19":0,"20":0,"21":0,"22":0,"23":0,"24":0,"25":2,"26":0,"27":0,"28":0,"29":0,"30":0,"31":0,"32":2,"33":0,"34":0,"35":0,"36":0,"37":0,"38":0,"39":2},"f":{"0":0,"1":0,"2":0,"3":0,"4":0,"5":0,"6":0},"b":{"0":[0,0],"1":[0,0],"2":[0,0],"3":[0,0],"4":[0,0],"5":[0,0]},"_coverageSchema":"1a1c01bbd47fc00a2c39e90264f33305004495a9","hash":"5b2e4581e0a9e35ef13d8006a33e85ebd87127b7"}
,"/home/camilo/Documents/BootcampRespondeAi/projeto_17_api_sing_me_a_song_back_end/src/services/recommendationService.js": {"path":"/home/camilo/Documents/BootcampRespondeAi/projeto_17_api_sing_me_a_song_back_end/src/services/recommendationService.js","statementMap":{"0":{"start":{"line":3,"column":31},"end":{"line":7,"column":1}},"1":{"start":{"line":4,"column":28},"end":{"line":4,"column":99}},"2":{"start":{"line":5,"column":2},"end":{"line":5,"column":39}},"3":{"start":{"line":5,"column":26},"end":{"line":5,"column":39}},"4":{"start":{"line":6,"column":2},"end":{"line":6,"column":27}},"5":{"start":{"line":9,"column":29},"end":{"line":26,"column":1}},"6":{"start":{"line":10,"column":22},"end":{"line":10,"column":35}},"7":{"start":{"line":11,"column":28},"end":{"line":11,"column":30}},"8":{"start":{"line":12,"column":2},"end":{"line":14,"column":3}},"9":{"start":{"line":13,"column":4},"end":{"line":13,"column":107}},"10":{"start":{"line":15,"column":2},"end":{"line":17,"column":3}},"11":{"start":{"line":16,"column":4},"end":{"line":16,"column":107}},"12":{"start":{"line":18,"column":2},"end":{"line":20,"column":3}},"13":{"start":{"line":19,"column":4},"end":{"line":19,"column":107}},"14":{"start":{"line":21,"column":2},"end":{"line":23,"column":3}},"15":{"start":{"line":22,"column":4},"end":{"line":22,"column":14}},"16":{"start":{"line":24,"column":36},"end":{"line":24,"column":111}},"17":{"start":{"line":25,"column":2},"end":{"line":25,"column":35}},"18":{"start":{"line":28,"column":30},"end":{"line":31,"column":1}},"19":{"start":{"line":29,"column":26},"end":{"line":29,"column":90}},"20":{"start":{"line":30,"column":2},"end":{"line":30,"column":25}},"21":{"start":{"line":33,"column":30},"end":{"line":37,"column":1}}},"fnMap":{"0":{"name":"(anonymous_0)","decl":{"start":{"line":3,"column":31},"end":{"line":3,"column":32}},"loc":{"start":{"line":3,"column":57},"end":{"line":7,"column":1}},"line":3},"1":{"name":"(anonymous_1)","decl":{"start":{"line":9,"column":29},"end":{"line":9,"column":30}},"loc":{"start":{"line":9,"column":41},"end":{"line":26,"column":1}},"line":9},"2":{"name":"(anonymous_2)","decl":{"start":{"line":28,"column":30},"end":{"line":28,"column":31}},"loc":{"start":{"line":28,"column":49},"end":{"line":31,"column":1}},"line":28}},"branchMap":{"0":{"loc":{"start":{"line":5,"column":2},"end":{"line":5,"column":39}},"type":"if","locations":[{"start":{"line":5,"column":2},"end":{"line":5,"column":39}},{"start":{},"end":{}}],"line":5},"1":{"loc":{"start":{"line":12,"column":2},"end":{"line":14,"column":3}},"type":"if","locations":[{"start":{"line":12,"column":2},"end":{"line":14,"column":3}},{"start":{},"end":{}}],"line":12},"2":{"loc":{"start":{"line":15,"column":2},"end":{"line":17,"column":3}},"type":"if","locations":[{"start":{"line":15,"column":2},"end":{"line":17,"column":3}},{"start":{},"end":{}}],"line":15},"3":{"loc":{"start":{"line":18,"column":2},"end":{"line":20,"column":3}},"type":"if","locations":[{"start":{"line":18,"column":2},"end":{"line":20,"column":3}},{"start":{},"end":{}}],"line":18},"4":{"loc":{"start":{"line":21,"column":2},"end":{"line":23,"column":3}},"type":"if","locations":[{"start":{"line":21,"column":2},"end":{"line":23,"column":3}},{"start":{},"end":{}}],"line":21}},"s":{"0":1,"1":2,"2":2,"3":1,"4":1,"5":1,"6":4,"7":4,"8":4,"9":1,"10":4,"11":3,"12":4,"13":2,"14":4,"15":1,"16":3,"17":3,"18":1,"19":1,"20":1,"21":1},"f":{"0":2,"1":4,"2":1},"b":{"0":[1,1],"1":[1,3],"2":[3,1],"3":[2,2],"4":[1,3]},"_coverageSchema":"1a1c01bbd47fc00a2c39e90264f33305004495a9","hash":"e95e6a33f0c35fd129e8e56cf580857bddbf86c3"}
,"/home/camilo/Documents/BootcampRespondeAi/projeto_17_api_sing_me_a_song_back_end/src/services/voteService.js": {"path":"/home/camilo/Documents/BootcampRespondeAi/projeto_17_api_sing_me_a_song_back_end/src/services/voteService.js","statementMap":{"0":{"start":{"line":3,"column":19},"end":{"line":22,"column":1}},"1":{"start":{"line":4,"column":14},"end":{"line":4,"column":19}},"2":{"start":{"line":5,"column":2},"end":{"line":5,"column":35}},"3":{"start":{"line":5,"column":25},"end":{"line":5,"column":35}},"4":{"start":{"line":6,"column":2},"end":{"line":6,"column":38}},"5":{"start":{"line":6,"column":27},"end":{"line":6,"column":38}},"6":{"start":{"line":7,"column":2},"end":{"line":7,"column":27}},"7":{"start":{"line":7,"column":14},"end":{"line":7,"column":27}},"8":{"start":{"line":8,"column":25},"end":{"line":8,"column":88}},"9":{"start":{"line":9,"column":2},"end":{"line":9,"column":62}},"10":{"start":{"line":10,"column":2},"end":{"line":13,"column":3}},"11":{"start":{"line":11,"column":4},"end":{"line":11,"column":67}},"12":{"start":{"line":12,"column":4},"end":{"line":12,"column":16}},"13":{"start":{"line":14,"column":32},"end":{"line":20,"column":5}},"14":{"start":{"line":21,"column":2},"end":{"line":21,"column":31}},"15":{"start":{"line":24,"column":20},"end":{"line":26,"column":1}}},"fnMap":{"0":{"name":"(anonymous_0)","decl":{"start":{"line":3,"column":19},"end":{"line":3,"column":20}},"loc":{"start":{"line":3,"column":43},"end":{"line":22,"column":1}},"line":3}},"branchMap":{"0":{"loc":{"start":{"line":5,"column":2},"end":{"line":5,"column":35}},"type":"if","locations":[{"start":{"line":5,"column":2},"end":{"line":5,"column":35}},{"start":{},"end":{}}],"line":5},"1":{"loc":{"start":{"line":6,"column":2},"end":{"line":6,"column":38}},"type":"if","locations":[{"start":{"line":6,"column":2},"end":{"line":6,"column":38}},{"start":{},"end":{}}],"line":6},"2":{"loc":{"start":{"line":7,"column":2},"end":{"line":7,"column":27}},"type":"if","locations":[{"start":{"line":7,"column":2},"end":{"line":7,"column":27}},{"start":{},"end":{}}],"line":7},"3":{"loc":{"start":{"line":10,"column":2},"end":{"line":13,"column":3}},"type":"if","locations":[{"start":{"line":10,"column":2},"end":{"line":13,"column":3}},{"start":{},"end":{}}],"line":10}},"s":{"0":1,"1":4,"2":4,"3":1,"4":4,"5":2,"6":4,"7":1,"8":3,"9":3,"10":3,"11":1,"12":1,"13":2,"14":2,"15":1},"f":{"0":4},"b":{"0":[1,3],"1":[2,2],"2":[1,3],"3":[1,2]},"_coverageSchema":"1a1c01bbd47fc00a2c39e90264f33305004495a9","hash":"96b5aed58bf60a84af748ded6bbbfa9247ac7343"}
}
