TN:
SF:src/dbConfig.js
FNF:0
FNH:0
DA:3,2
DA:5,2
DA:6,2
DA:17,0
DA:24,2
LF:5
LH:4
BRDA:5,0,0,2
BRDA:5,0,1,0
BRDA:5,1,0,2
BRDA:5,1,1,0
BRF:4
BRH:2
end_of_record
TN:
SF:src/repositories/recommendationsRepositories.js
FN:3,(anonymous_0)
FN:19,(anonymous_1)
FN:30,(anonymous_2)
FN:46,(anonymous_3)
FN:55,(anonymous_4)
FN:70,(anonymous_5)
FN:85,(anonymous_6)
FNF:7
FNH:0
FNDA:0,(anonymous_0)
FNDA:0,(anonymous_1)
FNDA:0,(anonymous_2)
FNDA:0,(anonymous_3)
FNDA:0,(anonymous_4)
FNDA:0,(anonymous_5)
FNDA:0,(anonymous_6)
DA:3,2
DA:4,0
DA:5,0
DA:13,0
DA:14,0
DA:16,0
DA:19,2
DA:20,0
DA:26,0
DA:27,0
DA:30,2
DA:31,0
DA:42,0
DA:43,0
DA:46,2
DA:47,0
DA:55,2
DA:56,0
DA:57,0
DA:63,0
DA:64,0
DA:66,0
DA:70,2
DA:71,0
DA:72,0
DA:78,0
DA:79,0
DA:81,0
DA:85,2
DA:86,0
DA:87,0
DA:95,0
DA:96,0
DA:98,0
DA:102,2
LF:35
LH:8
BRDA:13,0,0,0
BRDA:13,0,1,0
BRDA:26,1,0,0
BRDA:26,1,1,0
BRDA:42,2,0,0
BRDA:42,2,1,0
BRDA:63,3,0,0
BRDA:63,3,1,0
BRDA:78,4,0,0
BRDA:78,4,1,0
BRDA:95,5,0,0
BRDA:95,5,1,0
BRF:12
BRH:0
end_of_record
TN:
SF:src/services/recommendationService.js
FN:3,(anonymous_0)
FN:9,(anonymous_1)
FN:28,(anonymous_2)
FNF:3
FNH:3
FNDA:2,(anonymous_0)
FNDA:4,(anonymous_1)
FNDA:1,(anonymous_2)
DA:3,1
DA:4,2
DA:5,2
DA:6,1
DA:9,1
DA:10,4
DA:11,4
DA:12,4
DA:13,1
DA:15,4
DA:16,3
DA:18,4
DA:19,2
DA:21,4
DA:22,1
DA:24,3
DA:25,3
DA:28,1
DA:29,1
DA:30,1
DA:33,1
LF:21
LH:21
BRDA:5,0,0,1
BRDA:5,0,1,1
BRDA:12,1,0,1
BRDA:12,1,1,3
BRDA:15,2,0,3
BRDA:15,2,1,1
BRDA:18,3,0,2
BRDA:18,3,1,2
BRDA:21,4,0,1
BRDA:21,4,1,3
BRF:10
BRH:10
end_of_record
TN:
SF:src/services/voteService.js
FN:3,(anonymous_0)
FNF:1
FNH:1
FNDA:4,(anonymous_0)
DA:3,1
DA:4,4
DA:5,4
DA:6,4
DA:7,4
DA:8,3
DA:9,3
DA:10,3
DA:11,1
DA:12,1
DA:14,2
DA:21,2
DA:24,1
LF:13
LH:13
BRDA:5,0,0,1
BRDA:5,0,1,3
BRDA:6,1,0,2
BRDA:6,1,1,2
BRDA:7,2,0,1
BRDA:7,2,1,3
BRDA:10,3,0,1
BRDA:10,3,1,2
BRF:8
BRH:8
end_of_record
